{"D:\\code\\p_stellar_burger\\src\\services\\declarations\\routs.ts": {"path":"D:\\code\\p_stellar_burger\\src\\services\\declarations\\routs.ts","statementMap":{"0":{"start":{"line":1,"column":13},"end":{"line":1,"column":64}},"1":{"start":{"line":3,"column":13},"end":{"line":3,"column":63}},"2":{"start":{"line":5,"column":13},"end":{"line":5,"column":73}}},"fnMap":{},"branchMap":{},"s":{"0":3,"1":3,"2":3},"f":{},"b":{}}
,"D:\\code\\p_stellar_burger\\src\\services\\orderFeed\\actions.ts": {"path":"D:\\code\\p_stellar_burger\\src\\services\\orderFeed\\actions.ts","statementMap":{"0":{"start":{"line":1,"column":0},"end":{"line":1,"column":46}},"1":{"start":{"line":4,"column":13},"end":{"line":4,"column":96}},"2":{"start":{"line":6,"column":13},"end":{"line":6,"column":69}},"3":{"start":{"line":8,"column":13},"end":{"line":8,"column":57}},"4":{"start":{"line":10,"column":13},"end":{"line":10,"column":101}},"5":{"start":{"line":12,"column":13},"end":{"line":12,"column":59}},"6":{"start":{"line":14,"column":13},"end":{"line":14,"column":69}},"7":{"start":{"line":16,"column":13},"end":{"line":16,"column":90}},"8":{"start":{"line":18,"column":13},"end":{"line":18,"column":57}},"9":{"start":{"line":20,"column":13},"end":{"line":20,"column":90}},"10":{"start":{"line":22,"column":13},"end":{"line":22,"column":59}}},"fnMap":{},"branchMap":{},"s":{"0":1,"1":1,"2":1,"3":1,"4":1,"5":1,"6":1,"7":1,"8":1,"9":1,"10":1},"f":{},"b":{}}
,"D:\\code\\p_stellar_burger\\src\\services\\orderFeed\\reducers.ts": {"path":"D:\\code\\p_stellar_burger\\src\\services\\orderFeed\\reducers.ts","statementMap":{"0":{"start":{"line":1,"column":0},"end":{"line":1,"column":47}},"1":{"start":{"line":3,"column":0},"end":{"line":3,"column":null}},"2":{"start":{"line":16,"column":0},"end":{"line":16,"column":null}},"3":{"start":{"line":17,"column":4},"end":{"line":17,"column":null}},"4":{"start":{"line":18,"column":4},"end":{"line":18,"column":null}},"5":{"start":{"line":19,"column":4},"end":{"line":19,"column":null}},"6":{"start":{"line":22,"column":13},"end":{"line":40,"column":null}},"7":{"start":{"line":42,"column":13},"end":{"line":83,"column":null}},"8":{"start":{"line":45,"column":8},"end":{"line":81,"column":null}},"9":{"start":{"line":47,"column":16},"end":{"line":47,"column":58}},"10":{"start":{"line":50,"column":16},"end":{"line":50,"column":58}},"11":{"start":{"line":53,"column":16},"end":{"line":53,"column":54}},"12":{"start":{"line":54,"column":16},"end":{"line":54,"column":35}},"13":{"start":{"line":57,"column":16},"end":{"line":57,"column":54}},"14":{"start":{"line":58,"column":16},"end":{"line":58,"column":46}},"15":{"start":{"line":59,"column":16},"end":{"line":59,"column":35}},"16":{"start":{"line":62,"column":16},"end":{"line":62,"column":55}},"17":{"start":{"line":65,"column":16},"end":{"line":65,"column":55}},"18":{"start":{"line":68,"column":16},"end":{"line":68,"column":55}},"19":{"start":{"line":69,"column":16},"end":{"line":69,"column":45}},"20":{"start":{"line":72,"column":16},"end":{"line":72,"column":55}},"21":{"start":{"line":75,"column":16},"end":{"line":75,"column":54}},"22":{"start":{"line":76,"column":16},"end":{"line":76,"column":35}},"23":{"start":{"line":79,"column":16},"end":{"line":79,"column":55}},"24":{"start":{"line":80,"column":16},"end":{"line":80,"column":45}}},"fnMap":{"0":{"name":"(anonymous_0)","decl":{"start":{"line":16,"column":0},"end":{"line":16,"column":5}},"loc":{"start":{"line":16,"column":20},"end":{"line":20,"column":1}}},"1":{"name":"(anonymous_1)","decl":{"start":{"line":44,"column":4},"end":{"line":44,"column":11}},"loc":{"start":{"line":44,"column":14},"end":{"line":82,"column":5}}},"2":{"name":"(anonymous_2)","decl":{"start":{"line":46,"column":32},"end":{"line":46,"column":33}},"loc":{"start":{"line":46,"column":42},"end":{"line":48,"column":13}}},"3":{"name":"(anonymous_3)","decl":{"start":{"line":49,"column":35},"end":{"line":49,"column":36}},"loc":{"start":{"line":49,"column":45},"end":{"line":51,"column":13}}},"4":{"name":"(anonymous_4)","decl":{"start":{"line":52,"column":29},"end":{"line":52,"column":30}},"loc":{"start":{"line":52,"column":39},"end":{"line":55,"column":13}}},"5":{"name":"(anonymous_5)","decl":{"start":{"line":56,"column":32},"end":{"line":56,"column":33}},"loc":{"start":{"line":56,"column":90},"end":{"line":60,"column":13}}},"6":{"name":"(anonymous_6)","decl":{"start":{"line":61,"column":30},"end":{"line":61,"column":31}},"loc":{"start":{"line":61,"column":40},"end":{"line":63,"column":13}}},"7":{"name":"(anonymous_7)","decl":{"start":{"line":64,"column":35},"end":{"line":64,"column":36}},"loc":{"start":{"line":64,"column":45},"end":{"line":66,"column":13}}},"8":{"name":"(anonymous_8)","decl":{"start":{"line":67,"column":30},"end":{"line":67,"column":31}},"loc":{"start":{"line":67,"column":82},"end":{"line":70,"column":13}}},"9":{"name":"(anonymous_9)","decl":{"start":{"line":71,"column":30},"end":{"line":71,"column":31}},"loc":{"start":{"line":71,"column":40},"end":{"line":73,"column":13}}},"10":{"name":"(anonymous_10)","decl":{"start":{"line":74,"column":29},"end":{"line":74,"column":30}},"loc":{"start":{"line":74,"column":39},"end":{"line":77,"column":13}}},"11":{"name":"(anonymous_11)","decl":{"start":{"line":78,"column":30},"end":{"line":78,"column":31}},"loc":{"start":{"line":78,"column":82},"end":{"line":81,"column":13}}}},"branchMap":{"0":{"loc":{"start":{"line":16,"column":5},"end":{"line":16,"column":null}},"type":"binary-expr","locations":[{"start":{"line":16,"column":5},"end":{"line":16,"column":20}},{"start":{"line":16,"column":5},"end":{"line":16,"column":null}}]}},"s":{"0":1,"1":1,"2":1,"3":1,"4":1,"5":1,"6":1,"7":1,"8":1,"9":1,"10":1,"11":1,"12":1,"13":1,"14":1,"15":1,"16":1,"17":1,"18":1,"19":1,"20":1,"21":1,"22":1,"23":1,"24":1},"f":{"0":1,"1":1,"2":1,"3":1,"4":1,"5":1,"6":1,"7":1,"8":1,"9":1,"10":1,"11":1},"b":{"0":[1,1]}}
,"D:\\code\\p_stellar_burger\\src\\services\\slices\\authSlice.ts": {"path":"D:\\code\\p_stellar_burger\\src\\services\\slices\\authSlice.ts","statementMap":{"0":{"start":{"line":1,"column":0},"end":{"line":1,"column":45}},"1":{"start":{"line":3,"column":0},"end":{"line":3,"column":94}},"2":{"start":{"line":8,"column":13},"end":{"line":16,"column":null}},"3":{"start":{"line":18,"column":18},"end":{"line":96,"column":2}},"4":{"start":{"line":23,"column":12},"end":{"line":23,"column":40}},"5":{"start":{"line":24,"column":12},"end":{"line":24,"column":44}},"6":{"start":{"line":27,"column":12},"end":{"line":27,"column":47}},"7":{"start":{"line":31,"column":8},"end":{"line":94,"column":15}},"8":{"start":{"line":33,"column":16},"end":{"line":33,"column":41}},"9":{"start":{"line":36,"column":16},"end":{"line":36,"column":43}},"10":{"start":{"line":37,"column":16},"end":{"line":37,"column":44}},"11":{"start":{"line":38,"column":16},"end":{"line":38,"column":35}},"12":{"start":{"line":39,"column":16},"end":{"line":39,"column":36}},"13":{"start":{"line":40,"column":16},"end":{"line":40,"column":41}},"14":{"start":{"line":43,"column":16},"end":{"line":43,"column":40}},"15":{"start":{"line":44,"column":16},"end":{"line":44,"column":51}},"16":{"start":{"line":45,"column":16},"end":{"line":45,"column":40}},"17":{"start":{"line":48,"column":16},"end":{"line":48,"column":41}},"18":{"start":{"line":51,"column":16},"end":{"line":51,"column":43}},"19":{"start":{"line":52,"column":16},"end":{"line":52,"column":44}},"20":{"start":{"line":53,"column":16},"end":{"line":53,"column":35}},"21":{"start":{"line":54,"column":16},"end":{"line":54,"column":36}},"22":{"start":{"line":57,"column":16},"end":{"line":57,"column":40}},"23":{"start":{"line":58,"column":16},"end":{"line":58,"column":51}},"24":{"start":{"line":61,"column":16},"end":{"line":61,"column":41}},"25":{"start":{"line":64,"column":16},"end":{"line":64,"column":55}},"26":{"start":{"line":65,"column":16},"end":{"line":65,"column":56}},"27":{"start":{"line":66,"column":16},"end":{"line":66,"column":38}},"28":{"start":{"line":67,"column":16},"end":{"line":67,"column":37}},"29":{"start":{"line":68,"column":16},"end":{"line":68,"column":38}},"30":{"start":{"line":69,"column":16},"end":{"line":69,"column":34}},"31":{"start":{"line":72,"column":16},"end":{"line":72,"column":40}},"32":{"start":{"line":73,"column":16},"end":{"line":73,"column":51}},"33":{"start":{"line":74,"column":16},"end":{"line":74,"column":37}},"34":{"start":{"line":77,"column":16},"end":{"line":77,"column":43}},"35":{"start":{"line":78,"column":16},"end":{"line":78,"column":48}},"36":{"start":{"line":81,"column":16},"end":{"line":81,"column":40}},"37":{"start":{"line":82,"column":16},"end":{"line":82,"column":51}},"38":{"start":{"line":85,"column":16},"end":{"line":85,"column":41}},"39":{"start":{"line":88,"column":16},"end":{"line":88,"column":43}},"40":{"start":{"line":89,"column":16},"end":{"line":89,"column":48}},"41":{"start":{"line":92,"column":16},"end":{"line":92,"column":40}},"42":{"start":{"line":93,"column":16},"end":{"line":93,"column":51}},"43":{"start":{"line":98,"column":13},"end":{"line":98,"column":41}},"44":{"start":{"line":100,"column":0},"end":{"line":100,"column":33}}},"fnMap":{"0":{"name":"(anonymous_0)","decl":{"start":{"line":22,"column":8},"end":{"line":22,"column":15}},"loc":{"start":{"line":22,"column":29},"end":{"line":25,"column":9}}},"1":{"name":"(anonymous_1)","decl":{"start":{"line":26,"column":8},"end":{"line":26,"column":22}},"loc":{"start":{"line":26,"column":36},"end":{"line":28,"column":9}}},"2":{"name":"(anonymous_2)","decl":{"start":{"line":30,"column":19},"end":{"line":30,"column":20}},"loc":{"start":{"line":30,"column":31},"end":{"line":95,"column":5}}},"3":{"name":"(anonymous_3)","decl":{"start":{"line":32,"column":40},"end":{"line":32,"column":41}},"loc":{"start":{"line":32,"column":50},"end":{"line":34,"column":13}}},"4":{"name":"(anonymous_4)","decl":{"start":{"line":35,"column":42},"end":{"line":35,"column":43}},"loc":{"start":{"line":35,"column":60},"end":{"line":41,"column":13}}},"5":{"name":"(anonymous_5)","decl":{"start":{"line":42,"column":41},"end":{"line":42,"column":42}},"loc":{"start":{"line":42,"column":59},"end":{"line":46,"column":13}}},"6":{"name":"(anonymous_6)","decl":{"start":{"line":47,"column":43},"end":{"line":47,"column":44}},"loc":{"start":{"line":47,"column":53},"end":{"line":49,"column":13}}},"7":{"name":"(anonymous_7)","decl":{"start":{"line":50,"column":45},"end":{"line":50,"column":46}},"loc":{"start":{"line":50,"column":63},"end":{"line":55,"column":13}}},"8":{"name":"(anonymous_8)","decl":{"start":{"line":56,"column":44},"end":{"line":56,"column":45}},"loc":{"start":{"line":56,"column":62},"end":{"line":59,"column":13}}},"9":{"name":"(anonymous_9)","decl":{"start":{"line":60,"column":41},"end":{"line":60,"column":42}},"loc":{"start":{"line":60,"column":51},"end":{"line":62,"column":13}}},"10":{"name":"(anonymous_10)","decl":{"start":{"line":63,"column":43},"end":{"line":63,"column":44}},"loc":{"start":{"line":63,"column":53},"end":{"line":70,"column":13}}},"11":{"name":"(anonymous_11)","decl":{"start":{"line":71,"column":42},"end":{"line":71,"column":43}},"loc":{"start":{"line":71,"column":60},"end":{"line":75,"column":13}}},"12":{"name":"(anonymous_12)","decl":{"start":{"line":76,"column":44},"end":{"line":76,"column":45}},"loc":{"start":{"line":76,"column":62},"end":{"line":79,"column":13}}},"13":{"name":"(anonymous_13)","decl":{"start":{"line":80,"column":43},"end":{"line":80,"column":44}},"loc":{"start":{"line":80,"column":61},"end":{"line":83,"column":13}}},"14":{"name":"(anonymous_14)","decl":{"start":{"line":84,"column":45},"end":{"line":84,"column":46}},"loc":{"start":{"line":84,"column":55},"end":{"line":86,"column":13}}},"15":{"name":"(anonymous_15)","decl":{"start":{"line":87,"column":47},"end":{"line":87,"column":48}},"loc":{"start":{"line":87,"column":65},"end":{"line":90,"column":13}}},"16":{"name":"(anonymous_16)","decl":{"start":{"line":91,"column":46},"end":{"line":91,"column":47}},"loc":{"start":{"line":91,"column":64},"end":{"line":94,"column":13}}}},"branchMap":{},"s":{"0":4,"1":4,"2":4,"3":4,"4":1,"5":1,"6":1,"7":1,"8":1,"9":1,"10":1,"11":1,"12":1,"13":1,"14":1,"15":1,"16":1,"17":1,"18":1,"19":1,"20":1,"21":1,"22":1,"23":1,"24":1,"25":1,"26":1,"27":1,"28":1,"29":1,"30":1,"31":1,"32":1,"33":1,"34":1,"35":1,"36":1,"37":1,"38":1,"39":1,"40":1,"41":1,"42":1,"43":4,"44":4},"f":{"0":1,"1":1,"2":1,"3":1,"4":1,"5":1,"6":1,"7":1,"8":1,"9":1,"10":1,"11":1,"12":1,"13":1,"14":1,"15":1,"16":1},"b":{}}
,"D:\\code\\p_stellar_burger\\src\\services\\slices\\constructorSlice.ts": {"path":"D:\\code\\p_stellar_burger\\src\\services\\slices\\constructorSlice.ts","statementMap":{"0":{"start":{"line":1,"column":0},"end":{"line":1,"column":60}},"1":{"start":{"line":2,"column":0},"end":{"line":2,"column":69}},"2":{"start":{"line":6,"column":13},"end":{"line":11,"column":2}},"3":{"start":{"line":13,"column":25},"end":{"line":48,"column":2}},"4":{"start":{"line":18,"column":12},"end":{"line":22,"column":13}},"5":{"start":{"line":19,"column":16},"end":{"line":19,"column":43}},"6":{"start":{"line":21,"column":16},"end":{"line":21,"column":106}},"7":{"start":{"line":23,"column":12},"end":{"line":23,"column":88}},"8":{"start":{"line":26,"column":31},"end":{"line":26,"column":45}},"9":{"start":{"line":27,"column":36},"end":{"line":27,"column":113}},"10":{"start":{"line":27,"column":83},"end":{"line":27,"column":112}},"11":{"start":{"line":28,"column":12},"end":{"line":30,"column":13}},"12":{"start":{"line":29,"column":16},"end":{"line":29,"column":66}},"13":{"start":{"line":31,"column":12},"end":{"line":31,"column":88}},"14":{"start":{"line":34,"column":44},"end":{"line":34,"column":58}},"15":{"start":{"line":35,"column":37},"end":{"line":35,"column":64}},"16":{"start":{"line":37,"column":38},"end":{"line":37,"column":75}},"17":{"start":{"line":38,"column":12},"end":{"line":38,"column":68}},"18":{"start":{"line":40,"column":12},"end":{"line":40,"column":54}},"19":{"start":{"line":43,"column":12},"end":{"line":43,"column":40}},"20":{"start":{"line":44,"column":12},"end":{"line":44,"column":29}},"21":{"start":{"line":45,"column":12},"end":{"line":45,"column":33}},"22":{"start":{"line":50,"column":13},"end":{"line":54,"column":null}},"23":{"start":{"line":57,"column":0},"end":{"line":57,"column":40}}},"fnMap":{"0":{"name":"(anonymous_0)","decl":{"start":{"line":17,"column":23},"end":{"line":17,"column":24}},"loc":{"start":{"line":17,"column":69},"end":{"line":24,"column":9}}},"1":{"name":"(anonymous_1)","decl":{"start":{"line":25,"column":26},"end":{"line":25,"column":27}},"loc":{"start":{"line":25,"column":79},"end":{"line":32,"column":9}}},"2":{"name":"(anonymous_2)","decl":{"start":{"line":27,"column":69},"end":{"line":27,"column":79}},"loc":{"start":{"line":27,"column":83},"end":{"line":27,"column":112}}},"3":{"name":"(anonymous_3)","decl":{"start":{"line":33,"column":28},"end":{"line":33,"column":29}},"loc":{"start":{"line":33,"column":46},"end":{"line":41,"column":9}}},"4":{"name":"(anonymous_4)","decl":{"start":{"line":42,"column":26},"end":{"line":42,"column":27}},"loc":{"start":{"line":42,"column":36},"end":{"line":46,"column":9}}}},"branchMap":{"0":{"loc":{"start":{"line":18,"column":12},"end":{"line":22,"column":13}},"type":"if","locations":[{"start":{"line":18,"column":12},"end":{"line":22,"column":13}},{"start":{"line":20,"column":19},"end":{"line":22,"column":13}}]},"1":{"loc":{"start":{"line":28,"column":12},"end":{"line":30,"column":13}},"type":"if","locations":[{"start":{"line":28,"column":12},"end":{"line":30,"column":13}}]}},"s":{"0":1,"1":1,"2":1,"3":1,"4":2,"5":1,"6":1,"7":2,"8":2,"9":2,"10":2,"11":2,"12":1,"13":2,"14":1,"15":1,"16":1,"17":1,"18":1,"19":1,"20":1,"21":1,"22":1,"23":1},"f":{"0":2,"1":2,"2":2,"3":1,"4":1},"b":{"0":[1,1],"1":[1]}}
,"D:\\code\\p_stellar_burger\\src\\services\\slices\\currentIngredientSlice.ts": {"path":"D:\\code\\p_stellar_burger\\src\\services\\slices\\currentIngredientSlice.ts","statementMap":{"0":{"start":{"line":1,"column":0},"end":{"line":1,"column":45}},"1":{"start":{"line":3,"column":31},"end":{"line":13,"column":2}},"2":{"start":{"line":10,"column":12},"end":{"line":10,"column":54}},"3":{"start":{"line":15,"column":14},"end":{"line":15,"column":73}},"4":{"start":{"line":16,"column":0},"end":{"line":16,"column":46}}},"fnMap":{"0":{"name":"(anonymous_0)","decl":{"start":{"line":9,"column":34},"end":{"line":9,"column":35}},"loc":{"start":{"line":9,"column":52},"end":{"line":11,"column":9}}}},"branchMap":{},"s":{"0":1,"1":1,"2":1,"3":1,"4":1},"f":{"0":1},"b":{}}
,"D:\\code\\p_stellar_burger\\src\\services\\slices\\ingredientsSlice.ts": {"path":"D:\\code\\p_stellar_burger\\src\\services\\slices\\ingredientsSlice.ts","statementMap":{"0":{"start":{"line":1,"column":0},"end":{"line":1,"column":45}},"1":{"start":{"line":3,"column":0},"end":{"line":3,"column":44}},"2":{"start":{"line":5,"column":44},"end":{"line":9,"column":null}},"3":{"start":{"line":11,"column":29},"end":{"line":29,"column":6}},"4":{"start":{"line":16,"column":12},"end":{"line":27,"column":19}},"5":{"start":{"line":18,"column":20},"end":{"line":18,"column":45}},"6":{"start":{"line":21,"column":20},"end":{"line":21,"column":47}},"7":{"start":{"line":22,"column":20},"end":{"line":22,"column":55}},"8":{"start":{"line":25,"column":20},"end":{"line":25,"column":44}},"9":{"start":{"line":26,"column":20},"end":{"line":26,"column":99}},"10":{"start":{"line":31,"column":0},"end":{"line":31,"column":44}}},"fnMap":{"0":{"name":"(anonymous_0)","decl":{"start":{"line":15,"column":23},"end":{"line":15,"column":24}},"loc":{"start":{"line":15,"column":35},"end":{"line":28,"column":9}}},"1":{"name":"(anonymous_1)","decl":{"start":{"line":17,"column":49},"end":{"line":17,"column":50}},"loc":{"start":{"line":17,"column":59},"end":{"line":19,"column":17}}},"2":{"name":"(anonymous_2)","decl":{"start":{"line":20,"column":51},"end":{"line":20,"column":52}},"loc":{"start":{"line":20,"column":69},"end":{"line":23,"column":17}}},"3":{"name":"(anonymous_3)","decl":{"start":{"line":24,"column":50},"end":{"line":24,"column":51}},"loc":{"start":{"line":24,"column":68},"end":{"line":27,"column":17}}}},"branchMap":{"0":{"loc":{"start":{"line":26,"column":34},"end":{"line":26,"column":98}},"type":"cond-expr","locations":[{"start":{"line":26,"column":71},"end":{"line":26,"column":91}},{"start":{"line":26,"column":94},"end":{"line":26,"column":98}}]}},"s":{"0":1,"1":1,"2":1,"3":1,"4":1,"5":1,"6":1,"7":1,"8":2,"9":2,"10":1},"f":{"0":1,"1":1,"2":1,"3":2},"b":{"0":[1,1]}}
,"D:\\code\\p_stellar_burger\\src\\services\\slices\\orderSlice.ts": {"path":"D:\\code\\p_stellar_burger\\src\\services\\slices\\orderSlice.ts","statementMap":{"0":{"start":{"line":1,"column":0},"end":{"line":1,"column":45}},"1":{"start":{"line":2,"column":0},"end":{"line":2,"column":41}},"2":{"start":{"line":5,"column":13},"end":{"line":19,"column":null}},"3":{"start":{"line":21,"column":13},"end":{"line":52,"column":3}},"4":{"start":{"line":26,"column":12},"end":{"line":26,"column":39}},"5":{"start":{"line":29,"column":12},"end":{"line":29,"column":47}},"6":{"start":{"line":30,"column":12},"end":{"line":30,"column":31}},"7":{"start":{"line":33,"column":12},"end":{"line":33,"column":48}},"8":{"start":{"line":34,"column":12},"end":{"line":34,"column":31}},"9":{"start":{"line":38,"column":8},"end":{"line":50,"column":null}},"10":{"start":{"line":40,"column":16},"end":{"line":40,"column":41}},"11":{"start":{"line":43,"column":16},"end":{"line":43,"column":43}},"12":{"start":{"line":44,"column":16},"end":{"line":44,"column":51}},"13":{"start":{"line":45,"column":16},"end":{"line":45,"column":35}},"14":{"start":{"line":48,"column":16},"end":{"line":48,"column":40}},"15":{"start":{"line":49,"column":16},"end":{"line":49,"column":51}},"16":{"start":{"line":54,"column":13},"end":{"line":57,"column":null}},"17":{"start":{"line":60,"column":0},"end":{"line":60,"column":34}}},"fnMap":{"0":{"name":"(anonymous_0)","decl":{"start":{"line":25,"column":19},"end":{"line":25,"column":20}},"loc":{"start":{"line":25,"column":37},"end":{"line":27,"column":9}}},"1":{"name":"(anonymous_1)","decl":{"start":{"line":28,"column":27},"end":{"line":28,"column":28}},"loc":{"start":{"line":28,"column":45},"end":{"line":31,"column":9}}},"2":{"name":"(anonymous_2)","decl":{"start":{"line":32,"column":28},"end":{"line":32,"column":29}},"loc":{"start":{"line":32,"column":46},"end":{"line":35,"column":9}}},"3":{"name":"(anonymous_3)","decl":{"start":{"line":37,"column":19},"end":{"line":37,"column":20}},"loc":{"start":{"line":37,"column":31},"end":{"line":51,"column":5}}},"4":{"name":"(anonymous_4)","decl":{"start":{"line":39,"column":42},"end":{"line":39,"column":43}},"loc":{"start":{"line":39,"column":52},"end":{"line":41,"column":13}}},"5":{"name":"(anonymous_5)","decl":{"start":{"line":42,"column":44},"end":{"line":42,"column":45}},"loc":{"start":{"line":42,"column":62},"end":{"line":46,"column":13}}},"6":{"name":"(anonymous_6)","decl":{"start":{"line":47,"column":43},"end":{"line":47,"column":44}},"loc":{"start":{"line":47,"column":61},"end":{"line":50,"column":13}}}},"branchMap":{},"s":{"0":1,"1":1,"2":1,"3":1,"4":1,"5":1,"6":1,"7":1,"8":1,"9":1,"10":1,"11":1,"12":1,"13":1,"14":2,"15":2,"16":1,"17":1},"f":{"0":1,"1":1,"2":1,"3":1,"4":1,"5":1,"6":2},"b":{}}
,"D:\\code\\p_stellar_burger\\src\\services\\utils\\api.ts": {"path":"D:\\code\\p_stellar_burger\\src\\services\\utils\\api.ts","statementMap":{"0":{"start":{"line":1,"column":0},"end":{"line":1,"column":60}},"1":{"start":{"line":2,"column":0},"end":{"line":2,"column":58}},"2":{"start":{"line":3,"column":0},"end":{"line":3,"column":60}},"3":{"start":{"line":4,"column":0},"end":{"line":4,"column":53}},"4":{"start":{"line":17,"column":28},"end":{"line":27,"column":1}},"5":{"start":{"line":18,"column":4},"end":{"line":26,"column":39}},"6":{"start":{"line":26,"column":19},"end":{"line":26,"column":37}},"7":{"start":{"line":17,"column":13},"end":{"line":17,"column":28}},"8":{"start":{"line":32,"column":32},"end":{"line":50,"column":1}},"9":{"start":{"line":33,"column":4},"end":{"line":49,"column":5}},"10":{"start":{"line":34,"column":20},"end":{"line":34,"column":45}},"11":{"start":{"line":35,"column":8},"end":{"line":35,"column":43}},"12":{"start":{"line":37,"column":8},"end":{"line":48,"column":9}},"13":{"start":{"line":38,"column":32},"end":{"line":38,"column":52}},"14":{"start":{"line":39,"column":12},"end":{"line":41,"column":13}},"15":{"start":{"line":40,"column":16},"end":{"line":40,"column":34}},"16":{"start":{"line":42,"column":12},"end":{"line":42,"column":75}},"17":{"start":{"line":43,"column":12},"end":{"line":43,"column":73}},"18":{"start":{"line":44,"column":24},"end":{"line":44,"column":49}},"19":{"start":{"line":45,"column":12},"end":{"line":45,"column":47}},"20":{"start":{"line":47,"column":12},"end":{"line":47,"column":22}},"21":{"start":{"line":32,"column":13},"end":{"line":32,"column":32}},"22":{"start":{"line":55,"column":13},"end":{"line":69,"column":7}},"23":{"start":{"line":57,"column":31},"end":{"line":63,"column":10}},"24":{"start":{"line":64,"column":25},"end":{"line":64,"column":78}},"25":{"start":{"line":65,"column":21},"end":{"line":65,"column":70}},"26":{"start":{"line":66,"column":8},"end":{"line":66,"column":62}},"27":{"start":{"line":67,"column":8},"end":{"line":67,"column":64}},"28":{"start":{"line":68,"column":8},"end":{"line":68,"column":25}},"29":{"start":{"line":74,"column":13},"end":{"line":90,"column":2}},"30":{"start":{"line":77,"column":22},"end":{"line":77,"column":57}},"31":{"start":{"line":78,"column":8},"end":{"line":80,"column":9}},"32":{"start":{"line":79,"column":12},"end":{"line":79,"column":56}},"33":{"start":{"line":81,"column":45},"end":{"line":87,"column":14}},"34":{"start":{"line":88,"column":8},"end":{"line":88,"column":29}},"35":{"start":{"line":95,"column":13},"end":{"line":102,"column":7}},"36":{"start":{"line":98,"column":25},"end":{"line":98,"column":63}},"37":{"start":{"line":99,"column":21},"end":{"line":99,"column":71}},"38":{"start":{"line":100,"column":8},"end":{"line":100,"column":44}},"39":{"start":{"line":100,"column":27},"end":{"line":100,"column":44}},"40":{"start":{"line":101,"column":8},"end":{"line":101,"column":61}},"41":{"start":{"line":107,"column":13},"end":{"line":127,"column":2}},"42":{"start":{"line":110,"column":22},"end":{"line":110,"column":57}},"43":{"start":{"line":111,"column":8},"end":{"line":113,"column":9}},"44":{"start":{"line":112,"column":12},"end":{"line":112,"column":51}},"45":{"start":{"line":114,"column":25},"end":{"line":123,"column":null}},"46":{"start":{"line":125,"column":8},"end":{"line":125,"column":51}},"47":{"start":{"line":132,"column":13},"end":{"line":152,"column":2}},"48":{"start":{"line":135,"column":25},"end":{"line":141,"column":10}},"49":{"start":{"line":142,"column":8},"end":{"line":150,"column":9}},"50":{"start":{"line":143,"column":33},"end":{"line":143,"column":54}},"51":{"start":{"line":144,"column":12},"end":{"line":144,"column":74}},"52":{"start":{"line":145,"column":12},"end":{"line":145,"column":76}},"53":{"start":{"line":146,"column":12},"end":{"line":146,"column":32}},"54":{"start":{"line":148,"column":30},"end":{"line":148,"column":51}},"55":{"start":{"line":149,"column":12},"end":{"line":149,"column":45}},"56":{"start":{"line":157,"column":29},"end":{"line":175,"column":1}},"57":{"start":{"line":158,"column":24},"end":{"line":161,"column":6}},"58":{"start":{"line":162,"column":4},"end":{"line":174,"column":5}},"59":{"start":{"line":163,"column":25},"end":{"line":169,"column":10}},"60":{"start":{"line":170,"column":8},"end":{"line":170,"column":37}},"61":{"start":{"line":172,"column":8},"end":{"line":172,"column":61}},"62":{"start":{"line":173,"column":8},"end":{"line":173,"column":20}},"63":{"start":{"line":157,"column":13},"end":{"line":157,"column":29}},"64":{"start":{"line":180,"column":13},"end":{"line":201,"column":2}},"65":{"start":{"line":183,"column":28},"end":{"line":185,"column":10}},"66":{"start":{"line":186,"column":8},"end":{"line":199,"column":9}},"67":{"start":{"line":187,"column":29},"end":{"line":193,"column":14}},"68":{"start":{"line":195,"column":12},"end":{"line":195,"column":41}},"69":{"start":{"line":197,"column":12},"end":{"line":197,"column":65}},"70":{"start":{"line":198,"column":12},"end":{"line":198,"column":24}},"71":{"start":{"line":206,"column":13},"end":{"line":222,"column":7}},"72":{"start":{"line":209,"column":25},"end":{"line":217,"column":10}},"73":{"start":{"line":218,"column":27},"end":{"line":218,"column":56}},"74":{"start":{"line":219,"column":8},"end":{"line":219,"column":47}},"75":{"start":{"line":220,"column":8},"end":{"line":220,"column":48}},"76":{"start":{"line":221,"column":8},"end":{"line":221,"column":26}},"77":{"start":{"line":227,"column":13},"end":{"line":249,"column":2}},"78":{"start":{"line":230,"column":22},"end":{"line":230,"column":57}},"79":{"start":{"line":231,"column":38},"end":{"line":231,"column":94}},"80":{"start":{"line":231,"column":65},"end":{"line":231,"column":81}},"81":{"start":{"line":232,"column":28},"end":{"line":234,"column":10}},"82":{"start":{"line":235,"column":48},"end":{"line":237,"column":10}},"83":{"start":{"line":238,"column":8},"end":{"line":240,"column":9}},"84":{"start":{"line":239,"column":12},"end":{"line":239,"column":42}},"85":{"start":{"line":241,"column":25},"end":{"line":245,"column":10}},"86":{"start":{"line":246,"column":21},"end":{"line":246,"column":81}},"87":{"start":{"line":247,"column":8},"end":{"line":247,"column":33}},"88":{"start":{"line":254,"column":29},"end":{"line":285,"column":1}},"89":{"start":{"line":255,"column":4},"end":{"line":284,"column":6}},"90":{"start":{"line":256,"column":28},"end":{"line":256,"column":63}},"91":{"start":{"line":257,"column":8},"end":{"line":283,"column":9}},"92":{"start":{"line":258,"column":12},"end":{"line":280,"column":13}},"93":{"start":{"line":259,"column":16},"end":{"line":263,"column":null}},"94":{"start":{"line":264,"column":37},"end":{"line":268,"column":18}},"95":{"start":{"line":269,"column":16},"end":{"line":273,"column":17}},"96":{"start":{"line":270,"column":37},"end":{"line":270,"column":62}},"97":{"start":{"line":272,"column":20},"end":{"line":272,"column":48}},"98":{"start":{"line":275,"column":16},"end":{"line":275,"column":56}},"99":{"start":{"line":276,"column":16},"end":{"line":276,"column":55}},"100":{"start":{"line":277,"column":16},"end":{"line":277,"column":40}},"101":{"start":{"line":279,"column":16},"end":{"line":279,"column":47}},"102":{"start":{"line":282,"column":12},"end":{"line":282,"column":43}},"103":{"start":{"line":254,"column":13},"end":{"line":254,"column":29}},"104":{"start":{"line":290,"column":32},"end":{"line":298,"column":1}},"105":{"start":{"line":291,"column":4},"end":{"line":297,"column":5}},"106":{"start":{"line":292,"column":25},"end":{"line":292,"column":62}},"107":{"start":{"line":293,"column":8},"end":{"line":293,"column":45}},"108":{"start":{"line":295,"column":8},"end":{"line":295,"column":58}},"109":{"start":{"line":296,"column":8},"end":{"line":296,"column":20}},"110":{"start":{"line":290,"column":13},"end":{"line":290,"column":32}}},"fnMap":{"0":{"name":"(anonymous_0)","decl":{"start":{"line":17,"column":28},"end":{"line":17,"column":33}},"loc":{"start":{"line":17,"column":70},"end":{"line":27,"column":1}}},"1":{"name":"(anonymous_1)","decl":{"start":{"line":26,"column":12},"end":{"line":26,"column":15}},"loc":{"start":{"line":26,"column":19},"end":{"line":26,"column":37}}},"2":{"name":"(anonymous_2)","decl":{"start":{"line":32,"column":32},"end":{"line":32,"column":37}},"loc":{"start":{"line":32,"column":96},"end":{"line":50,"column":1}}},"3":{"name":"(anonymous_3)","decl":{"start":{"line":56,"column":4},"end":{"line":56,"column":9}},"loc":{"start":{"line":56,"column":54},"end":{"line":69,"column":5}}},"4":{"name":"(anonymous_4)","decl":{"start":{"line":76,"column":4},"end":{"line":76,"column":9}},"loc":{"start":{"line":76,"column":35},"end":{"line":89,"column":5}}},"5":{"name":"(anonymous_5)","decl":{"start":{"line":97,"column":4},"end":{"line":97,"column":9}},"loc":{"start":{"line":97,"column":39},"end":{"line":102,"column":5}}},"6":{"name":"(anonymous_6)","decl":{"start":{"line":109,"column":4},"end":{"line":109,"column":9}},"loc":{"start":{"line":109,"column":26},"end":{"line":126,"column":5}}},"7":{"name":"(anonymous_7)","decl":{"start":{"line":134,"column":4},"end":{"line":134,"column":9}},"loc":{"start":{"line":134,"column":62},"end":{"line":151,"column":5}}},"8":{"name":"(anonymous_8)","decl":{"start":{"line":157,"column":29},"end":{"line":157,"column":34}},"loc":{"start":{"line":157,"column":71},"end":{"line":175,"column":1}}},"9":{"name":"(anonymous_9)","decl":{"start":{"line":182,"column":4},"end":{"line":182,"column":9}},"loc":{"start":{"line":182,"column":71},"end":{"line":200,"column":5}}},"10":{"name":"(anonymous_10)","decl":{"start":{"line":208,"column":4},"end":{"line":208,"column":9}},"loc":{"start":{"line":208,"column":42},"end":{"line":222,"column":5}}},"11":{"name":"(anonymous_11)","decl":{"start":{"line":229,"column":4},"end":{"line":229,"column":9}},"loc":{"start":{"line":229,"column":69},"end":{"line":248,"column":5}}},"12":{"name":"(anonymous_12)","decl":{"start":{"line":231,"column":59},"end":{"line":231,"column":61}},"loc":{"start":{"line":231,"column":65},"end":{"line":231,"column":81}}},"13":{"name":"(anonymous_13)","decl":{"start":{"line":254,"column":29},"end":{"line":254,"column":32}},"loc":{"start":{"line":254,"column":34},"end":{"line":285,"column":1}}},"14":{"name":"(anonymous_14)","decl":{"start":{"line":255,"column":11},"end":{"line":255,"column":16}},"loc":{"start":{"line":255,"column":40},"end":{"line":284,"column":5}}},"15":{"name":"(anonymous_15)","decl":{"start":{"line":290,"column":32},"end":{"line":290,"column":37}},"loc":{"start":{"line":290,"column":75},"end":{"line":298,"column":1}}}},"branchMap":{"0":{"loc":{"start":{"line":37,"column":8},"end":{"line":48,"column":9}},"type":"if","locations":[{"start":{"line":37,"column":8},"end":{"line":48,"column":9}},{"start":{"line":46,"column":15},"end":{"line":48,"column":9}}]},"1":{"loc":{"start":{"line":39,"column":12},"end":{"line":41,"column":13}},"type":"if","locations":[{"start":{"line":39,"column":12},"end":{"line":41,"column":13}}]},"2":{"loc":{"start":{"line":78,"column":8},"end":{"line":80,"column":9}},"type":"if","locations":[{"start":{"line":78,"column":8},"end":{"line":80,"column":9}}]},"3":{"loc":{"start":{"line":100,"column":8},"end":{"line":100,"column":44}},"type":"if","locations":[{"start":{"line":100,"column":8},"end":{"line":100,"column":44}}]},"4":{"loc":{"start":{"line":111,"column":8},"end":{"line":113,"column":9}},"type":"if","locations":[{"start":{"line":111,"column":8},"end":{"line":113,"column":9}}]},"5":{"loc":{"start":{"line":142,"column":8},"end":{"line":150,"column":9}},"type":"if","locations":[{"start":{"line":142,"column":8},"end":{"line":150,"column":9}},{"start":{"line":147,"column":15},"end":{"line":150,"column":9}}]},"6":{"loc":{"start":{"line":238,"column":8},"end":{"line":240,"column":9}},"type":"if","locations":[{"start":{"line":238,"column":8},"end":{"line":240,"column":9}}]},"7":{"loc":{"start":{"line":257,"column":8},"end":{"line":283,"column":9}},"type":"if","locations":[{"start":{"line":257,"column":8},"end":{"line":283,"column":9}},{"start":{"line":281,"column":15},"end":{"line":283,"column":9}}]},"8":{"loc":{"start":{"line":269,"column":16},"end":{"line":273,"column":17}},"type":"if","locations":[{"start":{"line":269,"column":16},"end":{"line":273,"column":17}}]}},"s":{"0":3,"1":3,"2":3,"3":3,"4":3,"5":0,"6":0,"7":3,"8":3,"9":0,"10":0,"11":0,"12":0,"13":0,"14":0,"15":0,"16":0,"17":0,"18":0,"19":0,"20":0,"21":3,"22":3,"23":0,"24":0,"25":0,"26":0,"27":0,"28":0,"29":3,"30":0,"31":0,"32":0,"33":0,"34":0,"35":3,"36":0,"37":0,"38":0,"39":0,"40":0,"41":3,"42":0,"43":0,"44":0,"45":0,"46":0,"47":3,"48":0,"49":0,"50":0,"51":0,"52":0,"53":0,"54":0,"55":0,"56":3,"57":0,"58":0,"59":0,"60":0,"61":0,"62":0,"63":3,"64":3,"65":0,"66":0,"67":0,"68":0,"69":0,"70":0,"71":3,"72":0,"73":0,"74":0,"75":0,"76":0,"77":3,"78":0,"79":0,"80":0,"81":0,"82":0,"83":0,"84":0,"85":0,"86":0,"87":0,"88":3,"89":0,"90":0,"91":0,"92":0,"93":0,"94":0,"95":0,"96":0,"97":0,"98":0,"99":0,"100":0,"101":0,"102":0,"103":3,"104":3,"105":0,"106":0,"107":0,"108":0,"109":0,"110":3},"f":{"0":0,"1":0,"2":0,"3":0,"4":0,"5":0,"6":0,"7":0,"8":0,"9":0,"10":0,"11":0,"12":0,"13":0,"14":0,"15":0},"b":{"0":[0,0],"1":[0],"2":[0],"3":[0],"4":[0],"5":[0,0],"6":[0],"7":[0,0],"8":[0]}}
,"D:\\code\\p_stellar_burger\\src\\services\\utils\\checkEmail.ts": {"path":"D:\\code\\p_stellar_burger\\src\\services\\utils\\checkEmail.ts","statementMap":{"0":{"start":{"line":2,"column":21},"end":{"line":2,"column":43}},"1":{"start":{"line":3,"column":4},"end":{"line":6,"column":22}},"2":{"start":{"line":4,"column":8},"end":{"line":4,"column":20}},"3":{"start":{"line":6,"column":9},"end":{"line":6,"column":22}},"4":{"start":{"line":1,"column":0},"end":{"line":1,"column":24}}},"fnMap":{"0":{"name":"checkEmail","decl":{"start":{"line":1,"column":24},"end":{"line":1,"column":34}},"loc":{"start":{"line":1,"column":48},"end":{"line":7,"column":1}}}},"branchMap":{"0":{"loc":{"start":{"line":3,"column":4},"end":{"line":6,"column":22}},"type":"if","locations":[{"start":{"line":3,"column":4},"end":{"line":6,"column":22}},{"start":{"line":6,"column":9},"end":{"line":6,"column":22}}]}},"s":{"0":2,"1":2,"2":1,"3":1,"4":1},"f":{"0":2},"b":{"0":[1,1]}}
,"D:\\code\\p_stellar_burger\\src\\services\\utils\\checkResponse.ts": {"path":"D:\\code\\p_stellar_burger\\src\\services\\utils\\checkResponse.ts","statementMap":{"0":{"start":{"line":1,"column":29},"end":{"line":3,"column":1}},"1":{"start":{"line":2,"column":4},"end":{"line":2,"column":84}},"2":{"start":{"line":2,"column":56},"end":{"line":2,"column":82}},"3":{"start":{"line":1,"column":13},"end":{"line":1,"column":29}}},"fnMap":{"0":{"name":"(anonymous_0)","decl":{"start":{"line":1,"column":29},"end":{"line":1,"column":33}},"loc":{"start":{"line":1,"column":62},"end":{"line":3,"column":1}}},"1":{"name":"(anonymous_1)","decl":{"start":{"line":2,"column":49},"end":{"line":2,"column":52}},"loc":{"start":{"line":2,"column":56},"end":{"line":2,"column":82}}}},"branchMap":{"0":{"loc":{"start":{"line":2,"column":11},"end":{"line":2,"column":83}},"type":"cond-expr","locations":[{"start":{"line":2,"column":20},"end":{"line":2,"column":30}},{"start":{"line":2,"column":33},"end":{"line":2,"column":83}}]}},"s":{"0":4,"1":2,"2":1,"3":4},"f":{"0":2,"1":1},"b":{"0":[1,1]}}
,"D:\\code\\p_stellar_burger\\src\\services\\utils\\slicePriceCalculation.ts": {"path":"D:\\code\\p_stellar_burger\\src\\services\\utils\\slicePriceCalculation.ts","statementMap":{"0":{"start":{"line":3,"column":37},"end":{"line":10,"column":1}},"1":{"start":{"line":5,"column":29},"end":{"line":5,"column":114}},"2":{"start":{"line":5,"column":75},"end":{"line":5,"column":105}},"3":{"start":{"line":7,"column":21},"end":{"line":7,"column":36}},"4":{"start":{"line":9,"column":4},"end":{"line":9,"column":45}},"5":{"start":{"line":3,"column":13},"end":{"line":3,"column":37}}},"fnMap":{"0":{"name":"(anonymous_0)","decl":{"start":{"line":3,"column":37},"end":{"line":3,"column":38}},"loc":{"start":{"line":3,"column":106},"end":{"line":10,"column":1}}},"1":{"name":"(anonymous_1)","decl":{"start":{"line":5,"column":54},"end":{"line":5,"column":55}},"loc":{"start":{"line":5,"column":75},"end":{"line":5,"column":105}}}},"branchMap":{"0":{"loc":{"start":{"line":5,"column":29},"end":{"line":5,"column":114}},"type":"binary-expr","locations":[{"start":{"line":5,"column":29},"end":{"line":5,"column":109}},{"start":{"line":5,"column":113},"end":{"line":5,"column":114}}]},"1":{"loc":{"start":{"line":5,"column":82},"end":{"line":5,"column":104}},"type":"binary-expr","locations":[{"start":{"line":5,"column":82},"end":{"line":5,"column":99}},{"start":{"line":5,"column":103},"end":{"line":5,"column":104}}]},"2":{"loc":{"start":{"line":7,"column":21},"end":{"line":7,"column":36}},"type":"binary-expr","locations":[{"start":{"line":7,"column":21},"end":{"line":7,"column":31}},{"start":{"line":7,"column":35},"end":{"line":7,"column":36}}]}},"s":{"0":2,"1":7,"2":8,"3":7,"4":7,"5":2},"f":{"0":7,"1":8},"b":{"0":[7,3],"1":[8,1],"2":[7,4]}}
}
